\BOOKMARK [0][-]{chapter.1}{Introduction\040and\040Scope}{}% 1
\BOOKMARK [1][-]{section.1.1}{Background}{chapter.1}% 2
\BOOKMARK [1][-]{section.1.2}{Context\040and\040Need}{chapter.1}% 3
\BOOKMARK [1][-]{section.1.3}{Objectives}{chapter.1}% 4
\BOOKMARK [1][-]{section.1.4}{Methodology}{chapter.1}% 5
\BOOKMARK [0][-]{chapter.2}{Education\040Methods\040and\040Resources}{}% 6
\BOOKMARK [1][-]{section.2.1}{Education\040Methods}{chapter.2}% 7
\BOOKMARK [2][-]{subsection.2.1.1}{Conventional/Traditional}{section.2.1}% 8
\BOOKMARK [2][-]{subsection.2.1.2}{Modern}{section.2.1}% 9
\BOOKMARK [2][-]{subsection.2.1.3}{Blended}{section.2.1}% 10
\BOOKMARK [1][-]{section.2.2}{Resources\040for\040Technology-based\040Education}{chapter.2}% 11
\BOOKMARK [2][-]{subsection.2.2.1}{JumpStart}{section.2.2}% 12
\BOOKMARK [2][-]{subsection.2.2.2}{BBC\040Schools}{section.2.2}% 13
\BOOKMARK [2][-]{subsection.2.2.3}{Scratch}{section.2.2}% 14
\BOOKMARK [2][-]{subsection.2.2.4}{MicroWorlds}{section.2.2}% 15
\BOOKMARK [2][-]{subsection.2.2.5}{Alice}{section.2.2}% 16
\BOOKMARK [0][-]{chapter.3}{Programming\040in\040MicroWorldsEX}{}% 17
\BOOKMARK [1][-]{section.3.1}{Why\040MicroWorldsEX?}{chapter.3}% 18
\BOOKMARK [1][-]{section.3.2}{Installation\040and\040Interface}{chapter.3}% 19
\BOOKMARK [1][-]{section.3.3}{Tutorials\040and\040Examples}{chapter.3}% 20
\BOOKMARK [2][-]{subsection.3.3.1}{English\040Vocabulary}{section.3.3}% 21
\BOOKMARK [2][-]{subsection.3.3.2}{Understanding\040Coordinates}{section.3.3}% 22
\BOOKMARK [2][-]{subsection.3.3.3}{Filled\040Geometric\040Shapes}{section.3.3}% 23
\BOOKMARK [2][-]{subsection.3.3.4}{Adding\040sounds}{section.3.3}% 24
\BOOKMARK [2][-]{subsection.3.3.5}{Making\040Graphicsbook}{section.3.3}% 25
\BOOKMARK [2][-]{subsection.3.3.6}{Using\040Commands}{section.3.3}% 26
\BOOKMARK [0][-]{chapter.4}{Summary\040and\040Recommendation}{}% 27
